# JRE version: OpenJDK Runtime Environment Temurin-21.0.9+10 (21.0.9+10) (build 21.0.9+10-LTS)
# Java VM: OpenJDK 64-Bit Server VM Temurin-21.0.9+10 (21.0.9+10-LTS, mixed mode, sharing, tiered, compressed oops, compressed class ptrs, parallel gc, windows-amd64)
GC Precious Log:
 CardTable entry size: 512
 CPUs: 4 total, 4 available
 Memory: 8090M
 Large Page Support: Disabled
 NUMA Support: Disabled
 Compressed Oops: Enabled (32-bit)
 Alignments: Space 512K, Generation 512K, Heap 2M
 Heap Min Capacity: 100M
 Heap Initial Capacity: 100M
 Heap Max Capacity: 2G
 Pre-touch: Disabled
 Parallel Workers: 4
Heap:
 PSYoungGen      total 7168K, used 5510K [0x00000000d5580000, 0x00000000d5e00000, 0x0000000100000000)
  eden space 5632K, 74% used [0x00000000d5580000,0x00000000d5995a90,0x00000000d5b00000)
  from space 1536K, 86% used [0x00000000d5b00000,0x00000000d5c4c010,0x00000000d5c80000)
  to   space 1536K, 0% used [0x00000000d5c80000,0x00000000d5c80000,0x00000000d5e00000)
 ParOldGen       total 167424K, used 151701K [0x0000000080000000, 0x000000008a380000, 0x00000000d5580000)
  object space 167424K, 90% used [0x0000000080000000,0x0000000089425648,0x000000008a380000)
 Metaspace       used 60948K, committed 62272K, reserved 1114112K
  class space    used 6403K, committed 6976K, reserved 1048576K
GC Heap History (20 events):
Event: 97.576 GC heap before
{Heap before GC invocations=108 (full 3):
 PSYoungGen      total 7168K, used 6954K [0x00000000d5580000, 0x00000000d5e00000, 0x0000000100000000)
  eden space 5632K, 100% used [0x00000000d5580000,0x00000000d5b00000,0x00000000d5b00000)
  from space 1536K, 86% used [0x00000000d5c80000,0x00000000d5dca858,0x00000000d5e00000)
  to   space 1536K, 0% used [0x00000000d5b00000,0x00000000d5b00000,0x00000000d5c80000)
 ParOldGen       total 151552K, used 151332K [0x0000000080000000, 0x0000000089400000, 0x00000000d5580000)
  object space 151552K, 99% used [0x0000000080000000,0x00000000893c9120,0x0000000089400000)
 Metaspace       used 60948K, committed 62272K, reserved 1114112K
  class space    used 6403K, committed 6976K, reserved 1048576K
}
Event: 97.579 GC heap after
{Heap after GC invocations=108 (full 3):
 PSYoungGen      total 7168K, used 1280K [0x00000000d5580000, 0x00000000d5e00000, 0x0000000100000000)
  eden space 5632K, 0% used [0x00000000d5580000,0x00000000d5580000,0x00000000d5b00000)
  from space 1536K, 83% used [0x00000000d5b00000,0x00000000d5c402c0,0x00000000d5c80000)
  to   space 1536K, 0% used [0x00000000d5c80000,0x00000000d5c80000,0x00000000d5e00000)
 ParOldGen       total 152576K, used 152540K [0x0000000080000000, 0x0000000089500000, 0x00000000d5580000)
  object space 152576K, 99% used [0x0000000080000000,0x00000000894f70a0,0x0000000089500000)
 Metaspace       used 60948K, committed 62272K, reserved 1114112K
  class space    used 6403K, committed 6976K, reserved 1048576K
}
Event: 97.643 GC heap before
{Heap before GC invocations=109 (full 3):
 PSYoungGen      total 7168K, used 6912K [0x00000000d5580000, 0x00000000d5e00000, 0x0000000100000000)
  eden space 5632K, 100% used [0x00000000d5580000,0x00000000d5b00000,0x00000000d5b00000)
  from space 1536K, 83% used [0x00000000d5b00000,0x00000000d5c402c0,0x00000000d5c80000)
  to   space 1536K, 0% used [0x00000000d5c80000,0x00000000d5c80000,0x00000000d5e00000)
 ParOldGen       total 152576K, used 152540K [0x0000000080000000, 0x0000000089500000, 0x00000000d5580000)
  object space 152576K, 99% used [0x0000000080000000,0x00000000894f70a0,0x0000000089500000)
 Metaspace       used 60948K, committed 62272K, reserved 1114112K
  class space    used 6403K, committed 6976K, reserved 1048576K
}
Event: 97.647 GC heap after
{Heap after GC invocations=109 (full 3):
 PSYoungGen      total 7168K, used 6912K [0x00000000d5580000, 0x00000000d5e00000, 0x0000000100000000)
  eden space 5632K, 100% used [0x00000000d5580000,0x00000000d5b00000,0x00000000d5b00000)
  from space 1536K, 83% used [0x00000000d5b00000,0x00000000d5c402c0,0x00000000d5c80000)
  to   space 1536K, 89% used [0x00000000d5c80000,0x00000000d5dd96e8,0x00000000d5e00000)
 ParOldGen       total 153600K, used 153594K [0x0000000080000000, 0x0000000089600000, 0x00000000d5580000)
  object space 153600K, 99% used [0x0000000080000000,0x00000000895fe9e0,0x0000000089600000)
 Metaspace       used 60948K, committed 62272K, reserved 1114112K
  class space    used 6403K, committed 6976K, reserved 1048576K
}
Event: 97.647 GC heap before
{Heap before GC invocations=110 (full 4):
 PSYoungGen      total 7168K, used 6912K [0x00000000d5580000, 0x00000000d5e00000, 0x0000000100000000)
  eden space 5632K, 100% used [0x00000000d5580000,0x00000000d5b00000,0x00000000d5b00000)
  from space 1536K, 83% used [0x00000000d5b00000,0x00000000d5c402c0,0x00000000d5c80000)
  to   space 1536K, 89% used [0x00000000d5c80000,0x00000000d5dd96e8,0x00000000d5e00000)
 ParOldGen       total 153600K, used 153594K [0x0000000080000000, 0x0000000089600000, 0x00000000d5580000)
  object space 153600K, 99% used [0x0000000080000000,0x00000000895fe9e0,0x0000000089600000)
 Metaspace       used 60948K, committed 62272K, reserved 1114112K
  class space    used 6403K, committed 6976K, reserved 1048576K
}
Event: 98.115 GC heap after
{Heap after GC invocations=110 (full 4):
 PSYoungGen      total 7168K, used 0K [0x00000000d5580000, 0x00000000d5e00000, 0x0000000100000000)
  eden space 5632K, 0% used [0x00000000d5580000,0x00000000d5580000,0x00000000d5b00000)
  from space 1536K, 0% used [0x00000000d5c80000,0x00000000d5c80000,0x00000000d5e00000)
  to   space 1536K, 0% used [0x00000000d5b00000,0x00000000d5b00000,0x00000000d5c80000)
 ParOldGen       total 167424K, used 141559K [0x0000000080000000, 0x000000008a380000, 0x00000000d5580000)
  object space 167424K, 84% used [0x0000000080000000,0x0000000088a3de08,0x000000008a380000)
 Metaspace       used 60948K, committed 62272K, reserved 1114112K
  class space    used 6403K, committed 6976K, reserved 1048576K
}
Event: 98.184 GC heap before
{Heap before GC invocations=111 (full 4):
 PSYoungGen      total 7168K, used 5632K [0x00000000d5580000, 0x00000000d5e00000, 0x0000000100000000)
  eden space 5632K, 100% used [0x00000000d5580000,0x00000000d5b00000,0x00000000d5b00000)
  from space 1536K, 0% used [0x00000000d5c80000,0x00000000d5c80000,0x00000000d5e00000)
  to   space 1536K, 0% used [0x00000000d5b00000,0x00000000d5b00000,0x00000000d5c80000)
 ParOldGen       total 167424K, used 141559K [0x0000000080000000, 0x000000008a380000, 0x00000000d5580000)
  object space 167424K, 84% used [0x0000000080000000,0x0000000088a3de08,0x000000008a380000)
 Metaspace       used 60948K, committed 62272K, reserved 1114112K
  class space    used 6403K, committed 6976K, reserved 1048576K
}
Event: 98.186 GC heap after
{Heap after GC invocations=111 (full 4):
 PSYoungGen      total 7168K, used 1521K [0x00000000d5580000, 0x00000000d5f00000, 0x0000000100000000)
  eden space 5632K, 0% used [0x00000000d5580000,0x00000000d5580000,0x00000000d5b00000)
  from space 1536K, 99% used [0x00000000d5b00000,0x00000000d5c7c5c8,0x00000000d5c80000)
  to   space 2048K, 0% used [0x00000000d5d00000,0x00000000d5d00000,0x00000000d5f00000)
 ParOldGen       total 167424K, used 141559K [0x0000000080000000, 0x000000008a380000, 0x00000000d5580000)
  object space 167424K, 84% used [0x0000000080000000,0x0000000088a3de08,0x000000008a380000)
 Metaspace       used 60948K, committed 62272K, reserved 1114112K
  class space    used 6403K, committed 6976K, reserved 1048576K
}
Event: 98.227 GC heap before
{Heap before GC invocations=112 (full 4):
 PSYoungGen      total 7168K, used 7153K [0x00000000d5580000, 0x00000000d5f00000, 0x0000000100000000)
  eden space 5632K, 100% used [0x00000000d5580000,0x00000000d5b00000,0x00000000d5b00000)
  from space 1536K, 99% used [0x00000000d5b00000,0x00000000d5c7c5c8,0x00000000d5c80000)
  to   space 2048K, 0% used [0x00000000d5d00000,0x00000000d5d00000,0x00000000d5f00000)
 ParOldGen       total 167424K, used 141559K [0x0000000080000000, 0x000000008a380000, 0x00000000d5580000)
  object space 167424K, 84% used [0x0000000080000000,0x0000000088a3de08,0x000000008a380000)
 Metaspace       used 60948K, committed 62272K, reserved 1114112K
  class space    used 6403K, committed 6976K, reserved 1048576K
}
Event: 98.229 GC heap after
{Heap after GC invocations=112 (full 4):
 PSYoungGen      total 7168K, used 1334K [0x00000000d5580000, 0x00000000d5e80000, 0x0000000100000000)
  eden space 5632K, 0% used [0x00000000d5580000,0x00000000d5580000,0x00000000d5b00000)
  from space 1536K, 86% used [0x00000000d5d00000,0x00000000d5e4da30,0x00000000d5e80000)
  to   space 1536K, 0% used [0x00000000d5b00000,0x00000000d5b00000,0x00000000d5c80000)
 ParOldGen       total 167424K, used 142965K [0x0000000080000000, 0x000000008a380000, 0x00000000d5580000)
  object space 167424K, 85% used [0x0000000080000000,0x0000000088b9d458,0x000000008a380000)
 Metaspace       used 60948K, committed 62272K, reserved 1114112K
  class space    used 6403K, committed 6976K, reserved 1048576K
}
Event: 98.362 GC heap before
{Heap before GC invocations=113 (full 4):
 PSYoungGen      total 7168K, used 6966K [0x00000000d5580000, 0x00000000d5e80000, 0x0000000100000000)
  eden space 5632K, 100% used [0x00000000d5580000,0x00000000d5b00000,0x00000000d5b00000)
  from space 1536K, 86% used [0x00000000d5d00000,0x00000000d5e4da30,0x00000000d5e80000)
  to   space 1536K, 0% used [0x00000000d5b00000,0x00000000d5b00000,0x00000000d5c80000)
 ParOldGen       total 167424K, used 142965K [0x0000000080000000, 0x000000008a380000, 0x00000000d5580000)
  object space 167424K, 85% used [0x0000000080000000,0x0000000088b9d458,0x000000008a380000)
 Metaspace       used 60948K, committed 62272K, reserved 1114112K
  class space    used 6403K, committed 6976K, reserved 1048576K
}
Event: 98.365 GC heap after
{Heap after GC invocations=113 (full 4):
 PSYoungGen      total 7168K, used 1351K [0x00000000d5580000, 0x00000000d5e00000, 0x0000000100000000)
  eden space 5632K, 0% used [0x00000000d5580000,0x00000000d5580000,0x00000000d5b00000)
  from space 1536K, 87% used [0x00000000d5b00000,0x00000000d5c51d50,0x00000000d5c80000)
  to   space 1536K, 0% used [0x00000000d5c80000,0x00000000d5c80000,0x00000000d5e00000)
 ParOldGen       total 167424K, used 144200K [0x0000000080000000, 0x000000008a380000, 0x00000000d5580000)
  object space 167424K, 86% used [0x0000000080000000,0x0000000088cd2368,0x000000008a380000)
 Metaspace       used 60948K, committed 62272K, reserved 1114112K
  class space    used 6403K, committed 6976K, reserved 1048576K
}
Event: 98.429 GC heap before
{Heap before GC invocations=114 (full 4):
 PSYoungGen      total 7168K, used 6983K [0x00000000d5580000, 0x00000000d5e00000, 0x0000000100000000)
  eden space 5632K, 100% used [0x00000000d5580000,0x00000000d5b00000,0x00000000d5b00000)
  from space 1536K, 87% used [0x00000000d5b00000,0x00000000d5c51d50,0x00000000d5c80000)
  to   space 1536K, 0% used [0x00000000d5c80000,0x00000000d5c80000,0x00000000d5e00000)
 ParOldGen       total 167424K, used 144200K [0x0000000080000000, 0x000000008a380000, 0x00000000d5580000)
  object space 167424K, 86% used [0x0000000080000000,0x0000000088cd2368,0x000000008a380000)
 Metaspace       used 60948K, committed 62272K, reserved 1114112K
  class space    used 6403K, committed 6976K, reserved 1048576K
}
Event: 98.431 GC heap after
{Heap after GC invocations=114 (full 4):
 PSYoungGen      total 7168K, used 1329K [0x00000000d5580000, 0x00000000d5e00000, 0x0000000100000000)
  eden space 5632K, 0% used [0x00000000d5580000,0x00000000d5580000,0x00000000d5b00000)
  from space 1536K, 86% used [0x00000000d5c80000,0x00000000d5dcc6c8,0x00000000d5e00000)
  to   space 1536K, 0% used [0x00000000d5b00000,0x00000000d5b00000,0x00000000d5c80000)
 ParOldGen       total 167424K, used 145474K [0x0000000080000000, 0x000000008a380000, 0x00000000d5580000)
  object space 167424K, 86% used [0x0000000080000000,0x0000000088e108c8,0x000000008a380000)
 Metaspace       used 60948K, committed 62272K, reserved 1114112K
  class space    used 6403K, committed 6976K, reserved 1048576K
}
Event: 98.475 GC heap before
{Heap before GC invocations=115 (full 4):
 PSYoungGen      total 7168K, used 6961K [0x00000000d5580000, 0x00000000d5e00000, 0x0000000100000000)
  eden space 5632K, 100% used [0x00000000d5580000,0x00000000d5b00000,0x00000000d5b00000)
  from space 1536K, 86% used [0x00000000d5c80000,0x00000000d5dcc6c8,0x00000000d5e00000)
  to   space 1536K, 0% used [0x00000000d5b00000,0x00000000d5b00000,0x00000000d5c80000)
 ParOldGen       total 167424K, used 145474K [0x0000000080000000, 0x000000008a380000, 0x00000000d5580000)
  object space 167424K, 86% used [0x0000000080000000,0x0000000088e108c8,0x000000008a380000)
 Metaspace       used 60948K, committed 62272K, reserved 1114112K
  class space    used 6403K, committed 6976K, reserved 1048576K
}
Event: 98.477 GC heap after
{Heap after GC invocations=115 (full 4):
 PSYoungGen      total 7168K, used 1254K [0x00000000d5580000, 0x00000000d5e00000, 0x0000000100000000)
  eden space 5632K, 0% used [0x00000000d5580000,0x00000000d5580000,0x00000000d5b00000)
  from space 1536K, 81% used [0x00000000d5b00000,0x00000000d5c39890,0x00000000d5c80000)
  to   space 1536K, 0% used [0x00000000d5c80000,0x00000000d5c80000,0x00000000d5e00000)
 ParOldGen       total 167424K, used 146755K [0x0000000080000000, 0x000000008a380000, 0x00000000d5580000)
  object space 167424K, 87% used [0x0000000080000000,0x0000000088f50c00,0x000000008a380000)
 Metaspace       used 60948K, committed 62272K, reserved 1114112K
  class space    used 6403K, committed 6976K, reserved 1048576K
}
Event: 98.549 GC heap before
{Heap before GC invocations=116 (full 4):
 PSYoungGen      total 7168K, used 6886K [0x00000000d5580000, 0x00000000d5e00000, 0x0000000100000000)
  eden space 5632K, 100% used [0x00000000d5580000,0x00000000d5b00000,0x00000000d5b00000)
  from space 1536K, 81% used [0x00000000d5b00000,0x00000000d5c39890,0x00000000d5c80000)
  to   space 1536K, 0% used [0x00000000d5c80000,0x00000000d5c80000,0x00000000d5e00000)
 ParOldGen       total 167424K, used 146755K [0x0000000080000000, 0x000000008a380000, 0x00000000d5580000)
  object space 167424K, 87% used [0x0000000080000000,0x0000000088f50c00,0x000000008a380000)
 Metaspace       used 60948K, committed 62272K, reserved 1114112K
  class space    used 6403K, committed 6976K, reserved 1048576K
}
Event: 98.553 GC heap after
{Heap after GC invocations=116 (full 4):
 PSYoungGen      total 7168K, used 1337K [0x00000000d5580000, 0x00000000d5e00000, 0x0000000100000000)
  eden space 5632K, 0% used [0x00000000d5580000,0x00000000d5580000,0x00000000d5b00000)
  from space 1536K, 87% used [0x00000000d5c80000,0x00000000d5dce590,0x00000000d5e00000)
  to   space 1536K, 0% used [0x00000000d5b00000,0x00000000d5b00000,0x00000000d5c80000)
 ParOldGen       total 167424K, used 147987K [0x0000000080000000, 0x000000008a380000, 0x00000000d5580000)
  object space 167424K, 88% used [0x0000000080000000,0x0000000089084e30,0x000000008a380000)
 Metaspace       used 60948K, committed 62272K, reserved 1114112K
  class space    used 6403K, committed 6976K, reserved 1048576K
}
Event: 98.602 GC heap before
{Heap before GC invocations=117 (full 4):
 PSYoungGen      total 7168K, used 6969K [0x00000000d5580000, 0x00000000d5e00000, 0x0000000100000000)
  eden space 5632K, 100% used [0x00000000d5580000,0x00000000d5b00000,0x00000000d5b00000)
  from space 1536K, 87% used [0x00000000d5c80000,0x00000000d5dce590,0x00000000d5e00000)
  to   space 1536K, 0% used [0x00000000d5b00000,0x00000000d5b00000,0x00000000d5c80000)
 ParOldGen       total 167424K, used 147987K [0x0000000080000000, 0x000000008a380000, 0x00000000d5580000)
  object space 167424K, 88% used [0x0000000080000000,0x0000000089084e30,0x000000008a380000)
 Metaspace       used 60948K, committed 62272K, reserved 1114112K
  class space    used 6403K, committed 6976K, reserved 1048576K
}
Event: 98.604 GC heap after
{Heap after GC invocations=117 (full 4):
 PSYoungGen      total 7168K, used 1300K [0x00000000d5580000, 0x00000000d5e00000, 0x0000000100000000)
  eden space 5632K, 0% used [0x00000000d5580000,0x00000000d5580000,0x00000000d5b00000)
  from space 1536K, 84% used [0x00000000d5b00000,0x00000000d5c45040,0x00000000d5c80000)
  to   space 1536K, 0% used [0x00000000d5c80000,0x00000000d5c80000,0x00000000d5e00000)
 ParOldGen       total 167424K, used 149245K [0x0000000080000000, 0x000000008a380000, 0x00000000d5580000)
  object space 167424K, 89% used [0x0000000080000000,0x00000000891bf5c8,0x000000008a380000)
 Metaspace       used 60948K, committed 62272K, reserved 1114112K
  class space    used 6403K, committed 6976K, reserved 1048576K
}

