# JRE version: OpenJDK Runtime Environment Temurin-21.0.9+10 (21.0.9+10) (build 21.0.9+10-LTS)
# Java VM: OpenJDK 64-Bit Server VM Temurin-21.0.9+10 (21.0.9+10-LTS, mixed mode, sharing, tiered, compressed oops, compressed class ptrs, parallel gc, windows-amd64)
GC Precious Log:
 CardTable entry size: 512
 CPUs: 4 total, 4 available
 Memory: 8090M
 Large Page Support: Disabled
 NUMA Support: Disabled
 Compressed Oops: Enabled (32-bit)
 Alignments: Space 512K, Generation 512K, Heap 2M
 Heap Min Capacity: 100M
 Heap Initial Capacity: 100M
 Heap Max Capacity: 2G
 Pre-touch: Disabled
 Parallel Workers: 4
Heap:
 PSYoungGen      total 4608K, used 4411K [0x00000000d5580000, 0x00000000d5d00000, 0x0000000100000000)
  eden space 2560K, 92% used [0x00000000d5580000,0x00000000d57cedd8,0x00000000d5800000)
  from space 2048K, 100% used [0x00000000d5b00000,0x00000000d5d00000,0x00000000d5d00000)
  to   space 2560K, 0% used [0x00000000d5800000,0x00000000d5800000,0x00000000d5a80000)
 ParOldGen       total 596480K, used 596085K [0x0000000080000000, 0x00000000a4680000, 0x00000000d5580000)
  object space 596480K, 99% used [0x0000000080000000,0x00000000a461d598,0x00000000a4680000)
 Metaspace       used 78491K, committed 80000K, reserved 1179648K
  class space    used 8273K, committed 8896K, reserved 1048576K
GC Heap History (20 events):
Event: 726.145 GC heap before
{Heap before GC invocations=448 (full 3):
 PSYoungGen      total 2560K, used 2048K [0x00000000d5580000, 0x00000000d5a00000, 0x0000000100000000)
  eden space 1024K, 100% used [0x00000000d5580000,0x00000000d5680000,0x00000000d5680000)
  from space 1536K, 66% used [0x00000000d5800000,0x00000000d5900000,0x00000000d5980000)
  to   space 1536K, 0% used [0x00000000d5680000,0x00000000d5680000,0x00000000d5800000)
 ParOldGen       total 585216K, used 585194K [0x0000000080000000, 0x00000000a3b80000, 0x00000000d5580000)
  object space 585216K, 99% used [0x0000000080000000,0x00000000a3b7a9b8,0x00000000a3b80000)
 Metaspace       used 78403K, committed 79872K, reserved 1179648K
  class space    used 8273K, committed 8896K, reserved 1048576K
}
Event: 726.149 GC heap after
{Heap after GC invocations=448 (full 3):
 PSYoungGen      total 2560K, used 1056K [0x00000000d5580000, 0x00000000d5a00000, 0x0000000100000000)
  eden space 1024K, 0% used [0x00000000d5580000,0x00000000d5580000,0x00000000d5680000)
  from space 1536K, 68% used [0x00000000d5680000,0x00000000d5788000,0x00000000d5800000)
  to   space 1536K, 0% used [0x00000000d5880000,0x00000000d5880000,0x00000000d5a00000)
 ParOldGen       total 586240K, used 586218K [0x0000000080000000, 0x00000000a3c80000, 0x00000000d5580000)
  object space 586240K, 99% used [0x0000000080000000,0x00000000a3c7a9b8,0x00000000a3c80000)
 Metaspace       used 78403K, committed 79872K, reserved 1179648K
  class space    used 8273K, committed 8896K, reserved 1048576K
}
Event: 726.159 GC heap before
{Heap before GC invocations=449 (full 3):
 PSYoungGen      total 2560K, used 1934K [0x00000000d5580000, 0x00000000d5a00000, 0x0000000100000000)
  eden space 1024K, 85% used [0x00000000d5580000,0x00000000d565bbb8,0x00000000d5680000)
  from space 1536K, 68% used [0x00000000d5680000,0x00000000d5788000,0x00000000d5800000)
  to   space 1536K, 0% used [0x00000000d5880000,0x00000000d5880000,0x00000000d5a00000)
 ParOldGen       total 586240K, used 586218K [0x0000000080000000, 0x00000000a3c80000, 0x00000000d5580000)
  object space 586240K, 99% used [0x0000000080000000,0x00000000a3c7a9b8,0x00000000a3c80000)
 Metaspace       used 78403K, committed 79872K, reserved 1179648K
  class space    used 8273K, committed 8896K, reserved 1048576K
}
Event: 726.162 GC heap after
{Heap after GC invocations=449 (full 3):
 PSYoungGen      total 2560K, used 720K [0x00000000d5580000, 0x00000000d5980000, 0x0000000100000000)
  eden space 1536K, 0% used [0x00000000d5580000,0x00000000d5580000,0x00000000d5700000)
  from space 1024K, 70% used [0x00000000d5880000,0x00000000d5934000,0x00000000d5980000)
  to   space 1024K, 0% used [0x00000000d5780000,0x00000000d5780000,0x00000000d5880000)
 ParOldGen       total 587264K, used 587234K [0x0000000080000000, 0x00000000a3d80000, 0x00000000d5580000)
  object space 587264K, 99% used [0x0000000080000000,0x00000000a3d789b8,0x00000000a3d80000)
 Metaspace       used 78403K, committed 79872K, reserved 1179648K
  class space    used 8273K, committed 8896K, reserved 1048576K
}
Event: 980.071 GC heap before
{Heap before GC invocations=450 (full 3):
 PSYoungGen      total 2560K, used 2256K [0x00000000d5580000, 0x00000000d5980000, 0x0000000100000000)
  eden space 1536K, 100% used [0x00000000d5580000,0x00000000d5700000,0x00000000d5700000)
  from space 1024K, 70% used [0x00000000d5880000,0x00000000d5934000,0x00000000d5980000)
  to   space 1024K, 0% used [0x00000000d5780000,0x00000000d5780000,0x00000000d5880000)
 ParOldGen       total 587264K, used 587234K [0x0000000080000000, 0x00000000a3d80000, 0x00000000d5580000)
  object space 587264K, 99% used [0x0000000080000000,0x00000000a3d789b8,0x00000000a3d80000)
 Metaspace       used 78407K, committed 79872K, reserved 1179648K
  class space    used 8273K, committed 8896K, reserved 1048576K
}
Event: 980.076 GC heap after
{Heap after GC invocations=450 (full 3):
 PSYoungGen      total 3072K, used 1006K [0x00000000d5580000, 0x00000000d5b80000, 0x0000000100000000)
  eden space 2048K, 0% used [0x00000000d5580000,0x00000000d5580000,0x00000000d5780000)
  from space 1024K, 98% used [0x00000000d5780000,0x00000000d587bb00,0x00000000d5880000)
  to   space 2048K, 0% used [0x00000000d5980000,0x00000000d5980000,0x00000000d5b80000)
 ParOldGen       total 588288K, used 587842K [0x0000000080000000, 0x00000000a3e80000, 0x00000000d5580000)
  object space 588288K, 99% used [0x0000000080000000,0x00000000a3e109b8,0x00000000a3e80000)
 Metaspace       used 78407K, committed 79872K, reserved 1179648K
  class space    used 8273K, committed 8896K, reserved 1048576K
}
Event: 980.089 GC heap before
{Heap before GC invocations=451 (full 3):
 PSYoungGen      total 3072K, used 3054K [0x00000000d5580000, 0x00000000d5b80000, 0x0000000100000000)
  eden space 2048K, 100% used [0x00000000d5580000,0x00000000d5780000,0x00000000d5780000)
  from space 1024K, 98% used [0x00000000d5780000,0x00000000d587bb00,0x00000000d5880000)
  to   space 2048K, 0% used [0x00000000d5980000,0x00000000d5980000,0x00000000d5b80000)
 ParOldGen       total 588288K, used 587842K [0x0000000080000000, 0x00000000a3e80000, 0x00000000d5580000)
  object space 588288K, 99% used [0x0000000080000000,0x00000000a3e109b8,0x00000000a3e80000)
 Metaspace       used 78407K, committed 79872K, reserved 1179648K
  class space    used 8273K, committed 8896K, reserved 1048576K
}
Event: 980.094 GC heap after
{Heap after GC invocations=451 (full 3):
 PSYoungGen      total 2560K, used 2048K [0x00000000d5580000, 0x00000000d6000000, 0x0000000100000000)
  eden space 512K, 0% used [0x00000000d5580000,0x00000000d5580000,0x00000000d5600000)
  from space 2048K, 100% used [0x00000000d5980000,0x00000000d5b80000,0x00000000d5b80000)
  to   space 3584K, 0% used [0x00000000d5600000,0x00000000d5600000,0x00000000d5980000)
 ParOldGen       total 589312K, used 589116K [0x0000000080000000, 0x00000000a3f80000, 0x00000000d5580000)
  object space 589312K, 99% used [0x0000000080000000,0x00000000a3f4f248,0x00000000a3f80000)
 Metaspace       used 78407K, committed 79872K, reserved 1179648K
  class space    used 8273K, committed 8896K, reserved 1048576K
}
Event: 980.106 GC heap before
{Heap before GC invocations=452 (full 3):
 PSYoungGen      total 2560K, used 2559K [0x00000000d5580000, 0x00000000d6000000, 0x0000000100000000)
  eden space 512K, 99% used [0x00000000d5580000,0x00000000d55ffff0,0x00000000d5600000)
  from space 2048K, 100% used [0x00000000d5980000,0x00000000d5b80000,0x00000000d5b80000)
  to   space 3584K, 0% used [0x00000000d5600000,0x00000000d5600000,0x00000000d5980000)
 ParOldGen       total 589312K, used 589116K [0x0000000080000000, 0x00000000a3f80000, 0x00000000d5580000)
  object space 589312K, 99% used [0x0000000080000000,0x00000000a3f4f248,0x00000000a3f80000)
 Metaspace       used 78407K, committed 79872K, reserved 1179648K
  class space    used 8273K, committed 8896K, reserved 1048576K
}
Event: 980.113 GC heap after
{Heap after GC invocations=452 (full 3):
 PSYoungGen      total 1536K, used 544K [0x00000000d5580000, 0x00000000d5a80000, 0x0000000100000000)
  eden space 512K, 0% used [0x00000000d5580000,0x00000000d5580000,0x00000000d5600000)
  from space 1024K, 53% used [0x00000000d5600000,0x00000000d5688000,0x00000000d5700000)
  to   space 2048K, 0% used [0x00000000d5880000,0x00000000d5880000,0x00000000d5a80000)
 ParOldGen       total 591360K, used 591156K [0x0000000080000000, 0x00000000a4180000, 0x00000000d5580000)
  object space 591360K, 99% used [0x0000000080000000,0x00000000a414d248,0x00000000a4180000)
 Metaspace       used 78407K, committed 79872K, reserved 1179648K
  class space    used 8273K, committed 8896K, reserved 1048576K
}
Event: 980.116 GC heap before
{Heap before GC invocations=453 (full 3):
 PSYoungGen      total 1536K, used 1056K [0x00000000d5580000, 0x00000000d5a80000, 0x0000000100000000)
  eden space 512K, 100% used [0x00000000d5580000,0x00000000d5600000,0x00000000d5600000)
  from space 1024K, 53% used [0x00000000d5600000,0x00000000d5688000,0x00000000d5700000)
  to   space 2048K, 0% used [0x00000000d5880000,0x00000000d5880000,0x00000000d5a80000)
 ParOldGen       total 591360K, used 591156K [0x0000000080000000, 0x00000000a4180000, 0x00000000d5580000)
  object space 591360K, 99% used [0x0000000080000000,0x00000000a414d248,0x00000000a4180000)
 Metaspace       used 78407K, committed 79872K, reserved 1179648K
  class space    used 8273K, committed 8896K, reserved 1048576K
}
Event: 980.119 GC heap after
{Heap after GC invocations=453 (full 3):
 PSYoungGen      total 2048K, used 544K [0x00000000d5580000, 0x00000000d5980000, 0x0000000100000000)
  eden space 1024K, 0% used [0x00000000d5580000,0x00000000d5580000,0x00000000d5680000)
  from space 1024K, 53% used [0x00000000d5880000,0x00000000d5908000,0x00000000d5980000)
  to   space 1024K, 0% used [0x00000000d5780000,0x00000000d5780000,0x00000000d5880000)
 ParOldGen       total 591872K, used 591660K [0x0000000080000000, 0x00000000a4200000, 0x00000000d5580000)
  object space 591872K, 99% used [0x0000000080000000,0x00000000a41cb248,0x00000000a4200000)
 Metaspace       used 78407K, committed 79872K, reserved 1179648K
  class space    used 8273K, committed 8896K, reserved 1048576K
}
Event: 980.124 GC heap before
{Heap before GC invocations=454 (full 3):
 PSYoungGen      total 2048K, used 1568K [0x00000000d5580000, 0x00000000d5980000, 0x0000000100000000)
  eden space 1024K, 100% used [0x00000000d5580000,0x00000000d5680000,0x00000000d5680000)
  from space 1024K, 53% used [0x00000000d5880000,0x00000000d5908000,0x00000000d5980000)
  to   space 1024K, 0% used [0x00000000d5780000,0x00000000d5780000,0x00000000d5880000)
 ParOldGen       total 591872K, used 591660K [0x0000000080000000, 0x00000000a4200000, 0x00000000d5580000)
  object space 591872K, 99% used [0x0000000080000000,0x00000000a41cb248,0x00000000a4200000)
 Metaspace       used 78407K, committed 79872K, reserved 1179648K
  class space    used 8273K, committed 8896K, reserved 1048576K
}
Event: 980.128 GC heap after
{Heap after GC invocations=454 (full 3):
 PSYoungGen      total 2560K, used 1024K [0x00000000d5580000, 0x00000000d5b00000, 0x0000000100000000)
  eden space 1536K, 0% used [0x00000000d5580000,0x00000000d5580000,0x00000000d5700000)
  from space 1024K, 100% used [0x00000000d5780000,0x00000000d5880000,0x00000000d5880000)
  to   space 2048K, 0% used [0x00000000d5900000,0x00000000d5900000,0x00000000d5b00000)
 ParOldGen       total 592384K, used 592180K [0x0000000080000000, 0x00000000a4280000, 0x00000000d5580000)
  object space 592384K, 99% used [0x0000000080000000,0x00000000a424d248,0x00000000a4280000)
 Metaspace       used 78407K, committed 79872K, reserved 1179648K
  class space    used 8273K, committed 8896K, reserved 1048576K
}
Event: 980.142 GC heap before
{Heap before GC invocations=455 (full 3):
 PSYoungGen      total 2560K, used 2559K [0x00000000d5580000, 0x00000000d5b00000, 0x0000000100000000)
  eden space 1536K, 99% used [0x00000000d5580000,0x00000000d56fffd8,0x00000000d5700000)
  from space 1024K, 100% used [0x00000000d5780000,0x00000000d5880000,0x00000000d5880000)
  to   space 2048K, 0% used [0x00000000d5900000,0x00000000d5900000,0x00000000d5b00000)
 ParOldGen       total 592384K, used 592180K [0x0000000080000000, 0x00000000a4280000, 0x00000000d5580000)
  object space 592384K, 99% used [0x0000000080000000,0x00000000a424d248,0x00000000a4280000)
 Metaspace       used 78407K, committed 79872K, reserved 1179648K
  class space    used 8273K, committed 8896K, reserved 1048576K
}
Event: 980.146 GC heap after
{Heap after GC invocations=455 (full 3):
 PSYoungGen      total 3584K, used 1444K [0x00000000d5580000, 0x00000000d5a80000, 0x0000000100000000)
  eden space 2048K, 0% used [0x00000000d5580000,0x00000000d5580000,0x00000000d5780000)
  from space 1536K, 94% used [0x00000000d5900000,0x00000000d5a69000,0x00000000d5a80000)
  to   space 1536K, 0% used [0x00000000d5780000,0x00000000d5780000,0x00000000d5900000)
 ParOldGen       total 593408K, used 593180K [0x0000000080000000, 0x00000000a4380000, 0x00000000d5580000)
  object space 593408K, 99% used [0x0000000080000000,0x00000000a4347248,0x00000000a4380000)
 Metaspace       used 78407K, committed 79872K, reserved 1179648K
  class space    used 8273K, committed 8896K, reserved 1048576K
}
Event: 980.190 GC heap before
{Heap before GC invocations=456 (full 3):
 PSYoungGen      total 3584K, used 3491K [0x00000000d5580000, 0x00000000d5a80000, 0x0000000100000000)
  eden space 2048K, 99% used [0x00000000d5580000,0x00000000d577fff0,0x00000000d5780000)
  from space 1536K, 94% used [0x00000000d5900000,0x00000000d5a69000,0x00000000d5a80000)
  to   space 1536K, 0% used [0x00000000d5780000,0x00000000d5780000,0x00000000d5900000)
 ParOldGen       total 593408K, used 593180K [0x0000000080000000, 0x00000000a4380000, 0x00000000d5580000)
  object space 593408K, 99% used [0x0000000080000000,0x00000000a4347248,0x00000000a4380000)
 Metaspace       used 78408K, committed 79872K, reserved 1179648K
  class space    used 8273K, committed 8896K, reserved 1048576K
}
Event: 980.195 GC heap after
{Heap after GC invocations=456 (full 3):
 PSYoungGen      total 3584K, used 1520K [0x00000000d5580000, 0x00000000d5e00000, 0x0000000100000000)
  eden space 2048K, 0% used [0x00000000d5580000,0x00000000d5580000,0x00000000d5780000)
  from space 1536K, 98% used [0x00000000d5780000,0x00000000d58fc240,0x00000000d5900000)
  to   space 3072K, 0% used [0x00000000d5b00000,0x00000000d5b00000,0x00000000d5e00000)
 ParOldGen       total 594432K, used 594404K [0x0000000080000000, 0x00000000a4480000, 0x00000000d5580000)
  object space 594432K, 99% used [0x0000000080000000,0x00000000a4479248,0x00000000a4480000)
 Metaspace       used 78408K, committed 79872K, reserved 1179648K
  class space    used 8273K, committed 8896K, reserved 1048576K
}
Event: 980.204 GC heap before
{Heap before GC invocations=457 (full 3):
 PSYoungGen      total 3584K, used 3568K [0x00000000d5580000, 0x00000000d5e00000, 0x0000000100000000)
  eden space 2048K, 100% used [0x00000000d5580000,0x00000000d5780000,0x00000000d5780000)
  from space 1536K, 98% used [0x00000000d5780000,0x00000000d58fc240,0x00000000d5900000)
  to   space 3072K, 0% used [0x00000000d5b00000,0x00000000d5b00000,0x00000000d5e00000)
 ParOldGen       total 594432K, used 594404K [0x0000000080000000, 0x00000000a4480000, 0x00000000d5580000)
  object space 594432K, 99% used [0x0000000080000000,0x00000000a4479248,0x00000000a4480000)
 Metaspace       used 78408K, committed 79872K, reserved 1179648K
  class space    used 8273K, committed 8896K, reserved 1048576K
}
Event: 980.210 GC heap after
{Heap after GC invocations=457 (full 3):
 PSYoungGen      total 4608K, used 2048K [0x00000000d5580000, 0x00000000d5d00000, 0x0000000100000000)
  eden space 2560K, 0% used [0x00000000d5580000,0x00000000d5580000,0x00000000d5800000)
  from space 2048K, 100% used [0x00000000d5b00000,0x00000000d5d00000,0x00000000d5d00000)
  to   space 2560K, 0% used [0x00000000d5800000,0x00000000d5800000,0x00000000d5a80000)
 ParOldGen       total 596480K, used 596085K [0x0000000080000000, 0x00000000a4680000, 0x00000000d5580000)
  object space 596480K, 99% used [0x0000000080000000,0x00000000a461d598,0x00000000a4680000)
 Metaspace       used 78408K, committed 79872K, reserved 1179648K
  class space    used 8273K, committed 8896K, reserved 1048576K
}

